d:\github\physics-engine\fggc framework sem2\debug\vc141.pdb
d:\github\physics-engine\fggc framework sem2\debug\vc141.idb
d:\github\physics-engine\fggc framework sem2\debug\transform.obj
d:\github\physics-engine\fggc framework sem2\debug\spring.obj
d:\github\physics-engine\fggc framework sem2\debug\snowparmanager.obj
d:\github\physics-engine\fggc framework sem2\debug\rainparmanager.obj
d:\github\physics-engine\fggc framework sem2\debug\pole.obj
d:\github\physics-engine\fggc framework sem2\debug\particlesystem.obj
d:\github\physics-engine\fggc framework sem2\debug\particlemodel.obj
d:\github\physics-engine\fggc framework sem2\debug\octatree.obj
d:\github\physics-engine\fggc framework sem2\debug\gameobject.obj
d:\github\physics-engine\fggc framework sem2\debug\main.obj
d:\github\physics-engine\fggc framework sem2\debug\fireparmanager.obj
d:\github\physics-engine\fggc framework sem2\debug\ddstextureloader.obj
d:\github\physics-engine\fggc framework sem2\debug\carbody.obj
d:\github\physics-engine\fggc framework sem2\debug\camera.obj
d:\github\physics-engine\fggc framework sem2\debug\baseparmanager.obj
d:\github\physics-engine\fggc framework sem2\debug\application.obj
d:\github\physics-engine\fggc framework sem2\debug\appearance.obj
d:\github\physics-engine\fggc framework sem2\debug\dx11 framework.exe
d:\github\physics-engine\fggc framework sem2\debug\dx11 framework.ilk
d:\github\physics-engine\fggc framework sem2\debug\dx11 framework.pdb
d:\github\physics-engine\fggc framework sem2\debug\dx11 framework.res
d:\github\physics-engine\fggc framework sem2\debug\test.obj
d:\github\physics-engine\fggc framework sem2\debug\vector3.obj
d:\github\physics-engine\fggc framework sem2\debug\wheel.obj
d:\github\physics-engine\fggc framework sem2\debug\dx11 framework.tlog\cl.command.1.tlog
d:\github\physics-engine\fggc framework sem2\debug\dx11 framework.tlog\cl.read.1.tlog
d:\github\physics-engine\fggc framework sem2\debug\dx11 framework.tlog\cl.write.1.tlog
d:\github\physics-engine\fggc framework sem2\debug\dx11 framework.tlog\link.command.1.tlog
d:\github\physics-engine\fggc framework sem2\debug\dx11 framework.tlog\link.read.1.tlog
d:\github\physics-engine\fggc framework sem2\debug\dx11 framework.tlog\link.write.1.tlog
d:\github\physics-engine\fggc framework sem2\debug\dx11 framework.tlog\rc.command.1.tlog
d:\github\physics-engine\fggc framework sem2\debug\dx11 framework.tlog\rc.read.1.tlog
d:\github\physics-engine\fggc framework sem2\debug\dx11 framework.tlog\rc.write.1.tlog
